2025-04-15 19:30:08,182 ERROR <module>(259) Flask application starting up...
2025-04-15 19:30:08,857 ERROR <module>(259) Flask application starting up...
2025-04-15 19:30:08,884 ERROR <module>(259) Flask application starting up...
2025-04-15 19:30:09,018 ERROR <module>(259) Flask application starting up...
2025-04-15 19:30:09,205 ERROR <module>(259) Flask application starting up...
2025-04-15 19:30:09,697 ERROR <module>(259) Flask application starting up...
2025-04-15 19:30:09,849 ERROR <module>(259) Flask application starting up...
2025-04-15 19:34:13,925 ERROR <module>(259) Flask application starting up...
2025-04-15 19:34:14,380 ERROR <module>(259) Flask application starting up...
2025-04-15 19:34:43,880 ERROR register(114) >>> Unexpected error during registration: table users has no column named first_name
Traceback (most recent call last):
  File "C:\Users\Josh\Desktop\ftp\app.py", line 92, in register
    db.execute('''
    ~~~~~~~~~~^^^^
        INSERT INTO users (username, password_hash, email, first_name, last_name, role)
        ^^^^^^^^^^^^^^^^^^^^^^^^^^^^^^^^^^^^^^^^^^^^^^^^^^^^^^^^^^^^^^^^^^^^^^^^^^^^^^^
        VALUES (?, ?, ?, ?, ?, ?)
        ^^^^^^^^^^^^^^^^^^^^^^^^^
    ''', (username, hash_password(password), email, first_name, last_name, role))
    ^^^^^^^^^^^^^^^^^^^^^^^^^^^^^^^^^^^^^^^^^^^^^^^^^^^^^^^^^^^^^^^^^^^^^^^^^^^^^
sqlite3.OperationalError: table users has no column named first_name
2025-04-15 19:34:43,884 ERROR register(115) >>> Exiting /api/register (Exception)
2025-04-15 19:34:50,335 ERROR register(114) >>> Unexpected error during registration: table users has no column named first_name
Traceback (most recent call last):
  File "C:\Users\Josh\Desktop\ftp\app.py", line 92, in register
    db.execute('''
    ~~~~~~~~~~^^^^
        INSERT INTO users (username, password_hash, email, first_name, last_name, role)
        ^^^^^^^^^^^^^^^^^^^^^^^^^^^^^^^^^^^^^^^^^^^^^^^^^^^^^^^^^^^^^^^^^^^^^^^^^^^^^^^
        VALUES (?, ?, ?, ?, ?, ?)
        ^^^^^^^^^^^^^^^^^^^^^^^^^
    ''', (username, hash_password(password), email, first_name, last_name, role))
    ^^^^^^^^^^^^^^^^^^^^^^^^^^^^^^^^^^^^^^^^^^^^^^^^^^^^^^^^^^^^^^^^^^^^^^^^^^^^^
sqlite3.OperationalError: table users has no column named first_name
2025-04-15 19:34:50,339 ERROR register(115) >>> Exiting /api/register (Exception)
2025-04-15 19:35:38,357 ERROR <module>(259) Flask application starting up...
2025-04-15 19:35:38,500 ERROR <module>(259) Flask application starting up...
2025-04-15 19:35:39,388 ERROR <module>(259) Flask application starting up...
2025-04-15 19:35:39,523 ERROR <module>(259) Flask application starting up...
2025-04-15 19:35:39,630 ERROR <module>(259) Flask application starting up...
2025-04-15 19:35:39,717 ERROR <module>(259) Flask application starting up...
2025-04-15 19:35:39,937 ERROR <module>(259) Flask application starting up...
2025-04-15 19:35:40,576 ERROR <module>(269) Flask application starting up...
2025-04-15 19:35:40,577 ERROR <module>(269) Flask application starting up...
2025-04-15 19:35:40,590 ERROR <module>(269) Flask application starting up...
2025-04-15 19:36:26,352 ERROR <module>(269) Flask application starting up...
2025-04-15 19:36:26,804 ERROR <module>(269) Flask application starting up...
2025-04-15 19:37:05,369 ERROR register(117) >>> Unexpected error during registration: table users has no column named first_name
Traceback (most recent call last):
  File "C:\Users\Josh\Desktop\ftp\app.py", line 95, in register
    db.execute('''
    ~~~~~~~~~~^^^^
        INSERT INTO users (username, password_hash, email, first_name, last_name, role)
        ^^^^^^^^^^^^^^^^^^^^^^^^^^^^^^^^^^^^^^^^^^^^^^^^^^^^^^^^^^^^^^^^^^^^^^^^^^^^^^^
        VALUES (?, ?, ?, ?, ?, ?)
        ^^^^^^^^^^^^^^^^^^^^^^^^^
    ''', (username, hash_password(password), email, first_name, last_name, role))
    ^^^^^^^^^^^^^^^^^^^^^^^^^^^^^^^^^^^^^^^^^^^^^^^^^^^^^^^^^^^^^^^^^^^^^^^^^^^^^
sqlite3.OperationalError: table users has no column named first_name
2025-04-15 19:37:05,373 ERROR register(118) >>> Exiting /api/register (Exception)
2025-04-15 19:42:43,465 ERROR <module>(269) Flask application starting up...
2025-04-15 19:42:43,931 ERROR <module>(269) Flask application starting up...
2025-04-15 19:50:27,045 ERROR register(117) >>> Unexpected error during registration: table users has no column named first_name
Traceback (most recent call last):
  File "C:\Users\Josh\Desktop\ftp\app.py", line 95, in register
    db.execute('''
    ~~~~~~~~~~^^^^
        INSERT INTO users (username, password_hash, email, first_name, last_name, role)
        ^^^^^^^^^^^^^^^^^^^^^^^^^^^^^^^^^^^^^^^^^^^^^^^^^^^^^^^^^^^^^^^^^^^^^^^^^^^^^^^
        VALUES (?, ?, ?, ?, ?, ?)
        ^^^^^^^^^^^^^^^^^^^^^^^^^
    ''', (username, hash_password(password), email, first_name, last_name, role))
    ^^^^^^^^^^^^^^^^^^^^^^^^^^^^^^^^^^^^^^^^^^^^^^^^^^^^^^^^^^^^^^^^^^^^^^^^^^^^^
sqlite3.OperationalError: table users has no column named first_name
2025-04-15 19:50:27,051 ERROR register(118) >>> Exiting /api/register (Exception)
2025-04-15 19:59:14,246 ERROR <module>(269) Flask application starting up...
2025-04-15 19:59:14,694 ERROR <module>(269) Flask application starting up...
2025-04-15 20:14:26,890 ERROR <module>(269) Flask application starting up...
2025-04-15 20:14:27,346 ERROR <module>(269) Flask application starting up...
2025-04-15 21:18:01,221 ERROR <module>(269) Flask application starting up...
2025-04-15 21:18:01,668 ERROR <module>(269) Flask application starting up...
2025-04-15 21:39:37,301 ERROR <module>(269) Flask application starting up...
2025-04-15 21:39:37,747 ERROR <module>(269) Flask application starting up...
2025-04-15 21:43:50,934 ERROR <module>(269) Flask application starting up...
2025-04-15 21:45:03,173 ERROR <module>(269) Flask application starting up...
2025-04-15 21:45:03,620 ERROR <module>(269) Flask application starting up...
2025-04-15 21:48:54,722 ERROR <module>(269) Flask application starting up...
2025-04-15 21:48:55,164 ERROR <module>(269) Flask application starting up...
